<?xml version="1.0" encoding="UTF-8"?>
<!-- Generated by org.testng.reporters.JUnitReportReporter -->
<testsuite hostname="DESKTOP-DECDQP2" failures="0" tests="1" name="backbase.ReadOperation.TC01_Search_UIValidation_SearchRecordTable" time="1.406" errors="0" timestamp="09 Aug 2021 21:44:38 GMT" skipped="0">
  <testcase classname="backbase.ReadOperation.TC01_Search_UIValidation_SearchRecordTable" name="TC01_Search_UIValidation_SearchRecordTable" time="1.406"/>
</testsuite> <!-- backbase.ReadOperation.TC01_Search_UIValidation_SearchRecordTable -->
