<?xml version="1.0" encoding="UTF-8"?>
<!-- Generated by org.testng.reporters.JUnitReportReporter -->
<testsuite hostname="DESKTOP-DECDQP2" failures="0" tests="2" name="backbase.CreateOperation.TC05_Create_CreateNewComputer_ValidateCount" time="9.303" errors="0" timestamp="09 Aug 2021 21:44:38 GMT" skipped="0">
  <testcase classname="backbase.CreateOperation.TC05_Create_CreateNewComputer_ValidateCount" name="TC06_Create_CreateNewComputer_SearchCreatedEntry" time="0.825"/>
  <testcase classname="backbase.CreateOperation.TC05_Create_CreateNewComputer_ValidateCount" name="TC05_Create_CreateNewComputer_ValidateCount" time="8.478"/>
</testsuite> <!-- backbase.CreateOperation.TC05_Create_CreateNewComputer_ValidateCount -->
