<?xml version="1.0" encoding="UTF-8"?>
<!-- Generated by org.testng.reporters.JUnitReportReporter -->
<testsuite hostname="DESKTOP-DECDQP2" failures="0" tests="1" name="backbase.UpdateOperation.TC03_Update_ValidateTotalCount" time="0.880" errors="0" timestamp="08 Aug 2021 19:39:10 GMT" skipped="0">
  <testcase classname="backbase.UpdateOperation.TC03_Update_ValidateTotalCount" name="TC03_Update_ValidateTotalCount" time="0.880"/>
</testsuite> <!-- backbase.UpdateOperation.TC03_Update_ValidateTotalCount -->
