<?xml version="1.0" encoding="UTF-8"?>
<!-- Generated by org.testng.reporters.JUnitReportReporter -->
<testsuite hostname="DESKTOP-DECDQP2" failures="0" tests="1" name="backbase.ReadOperation.TC03_Search_UIValidation_AddNewComputer" time="0.616" errors="0" timestamp="09 Aug 2021 21:44:38 GMT" skipped="0">
  <testcase classname="backbase.ReadOperation.TC03_Search_UIValidation_AddNewComputer" name="TC03_Search_UIValidation_AddNewComputer" time="0.616"/>
</testsuite> <!-- backbase.ReadOperation.TC03_Search_UIValidation_AddNewComputer -->
