<?xml version="1.0" encoding="UTF-8"?>
<!-- Generated by org.testng.reporters.JUnitReportReporter -->
<testsuite hostname="DESKTOP-DECDQP2" failures="0" tests="1" name="backbase.ReadOperation.TC05_Search_UIValidation_SearchComputerName" time="4.421" errors="0" timestamp="09 Aug 2021 21:44:38 GMT" skipped="0">
  <testcase classname="backbase.ReadOperation.TC05_Search_UIValidation_SearchComputerName" name="TC05_Search_UIValidation_SearchComputerName" time="4.421"/>
</testsuite> <!-- backbase.ReadOperation.TC05_Search_UIValidation_SearchComputerName -->
