<?xml version="1.0" encoding="UTF-8"?>
<!-- Generated by org.testng.reporters.JUnitReportReporter -->
<testsuite hostname="DESKTOP-DECDQP2" failures="0" tests="1" name="backbase.ReadOperation.TC04_Search_UIValidation_RecordCountValidation" time="0.678" errors="0" timestamp="09 Aug 2021 21:44:38 GMT" skipped="0">
  <testcase classname="backbase.ReadOperation.TC04_Search_UIValidation_RecordCountValidation" name="TC04_Search_UIValidation_RecordCountValidation" time="0.678"/>
</testsuite> <!-- backbase.ReadOperation.TC04_Search_UIValidation_RecordCountValidation -->
