<?xml version="1.0" encoding="UTF-8"?>
<!-- Generated by org.testng.reporters.JUnitReportReporter -->
<testsuite hostname="DESKTOP-DECDQP2" failures="0" tests="1" name="backbase.CreateOperation.TC01_Create_UIValidation_NavigationFlowAndFieldValidation" time="4.448" errors="0" timestamp="09 Aug 2021 21:44:38 GMT" skipped="0">
  <testcase classname="backbase.CreateOperation.TC01_Create_UIValidation_NavigationFlowAndFieldValidation" name="TC01_Create_UIValidation_NavigationFlowAndFieldValidation" time="4.448"/>
</testsuite> <!-- backbase.CreateOperation.TC01_Create_UIValidation_NavigationFlowAndFieldValidation -->
