<?xml version="1.0" encoding="UTF-8"?>
<!-- Generated by org.testng.reporters.JUnitReportReporter -->
<testsuite hostname="DESKTOP-DECDQP2" failures="0" tests="1" name="backbase.ReadOperation.TC06_Search_UIValidation_CancelSearch" time="7.774" errors="0" timestamp="09 Aug 2021 21:44:38 GMT" skipped="0">
  <testcase classname="backbase.ReadOperation.TC06_Search_UIValidation_CancelSearch" name="TC06_Search_UIValidation_CancelSearch" time="7.774"/>
</testsuite> <!-- backbase.ReadOperation.TC06_Search_UIValidation_CancelSearch -->
