<?xml version="1.0" encoding="UTF-8"?>
<!-- Generated by org.testng.reporters.JUnitReportReporter -->
<testsuite hostname="DESKTOP-DECDQP2" failures="0" tests="1" name="backbase.UpdateOperation.TC02_Update_UpdateComputerName" time="11.924" errors="0" timestamp="09 Aug 2021 21:44:38 GMT" skipped="0">
  <testcase classname="backbase.UpdateOperation.TC02_Update_UpdateComputerName" name="TC02_Update_UpdateComputerName" time="11.924"/>
</testsuite> <!-- backbase.UpdateOperation.TC02_Update_UpdateComputerName -->
