<?xml version="1.0" encoding="UTF-8"?>
<!-- Generated by org.testng.reporters.JUnitReportReporter -->
<testsuite hostname="DESKTOP-DECDQP2" failures="0" tests="1" name="backbase.CreateOperation.TC03_Create_CreateNewComputerwithAllTheField" time="5.639" errors="0" timestamp="09 Aug 2021 21:44:38 GMT" skipped="0">
  <testcase classname="backbase.CreateOperation.TC03_Create_CreateNewComputerwithAllTheField" name="TC03_Create_CreateNewComputerwithAllTheField" time="5.639"/>
</testsuite> <!-- backbase.CreateOperation.TC03_Create_CreateNewComputerwithAllTheField -->
