<?xml version="1.0" encoding="UTF-8"?>
<!-- Generated by org.testng.reporters.JUnitReportReporter -->
<testsuite hostname="DESKTOP-DECDQP2" failures="0" tests="1" name="backbase.ReadOperation.BaseClass" time="0.254" errors="0" timestamp="04 Aug 2021 21:39:45 GMT" skipped="0">
  <testcase classname="backbase.ReadOperation.BaseClass" name="TC01" time="0.254"/>
</testsuite> <!-- backbase.ReadOperation.BaseClass -->
