<?xml version="1.0" encoding="UTF-8"?>
<!-- Generated by org.testng.reporters.JUnitReportReporter -->
<testsuite hostname="DESKTOP-DECDQP2" failures="0" tests="1" name="backbase.UpdateOperation.TC01_Update_ValidateAutoPopulatedScreen" time="8.007" errors="0" timestamp="09 Aug 2021 21:44:38 GMT" skipped="0">
  <testcase classname="backbase.UpdateOperation.TC01_Update_ValidateAutoPopulatedScreen" name="TC01_Update_ValidateAutoPopulatedScreen" time="8.007"/>
</testsuite> <!-- backbase.UpdateOperation.TC01_Update_ValidateAutoPopulatedScreen -->
