<?xml version="1.0" encoding="UTF-8"?>
<!-- Generated by org.testng.reporters.JUnitReportReporter -->
<testsuite hostname="DESKTOP-DECDQP2" failures="0" tests="1" name="backbase.CreateOperation.TC02_Create_CreateNewComputer" time="7.845" errors="0" timestamp="06 Aug 2021 09:50:41 GMT" skipped="0">
  <testcase classname="backbase.CreateOperation.TC02_Create_CreateNewComputer" name="TC02_Create_CreateNewComputer" time="7.845"/>
</testsuite> <!-- backbase.CreateOperation.TC02_Create_CreateNewComputer -->
